<?xml version="1.0" encoding="UTF-8"?>
<coverage generated="1668003653986" clover="3.2.0">
  <project timestamp="1668003653986" name="All files">
    <metrics statements="10" coveredstatements="10" conditionals="1" coveredconditionals="1" methods="5" coveredmethods="5" elements="16" coveredelements="16" complexity="0" loc="10" ncloc="10" packages="1" files="2" classes="2"/>
    <file name="hello-world.ts" path="/Users/olaish/Documents/Microverse/demo/class/typescript/hello-world.ts">
      <metrics statements="6" coveredstatements="6" conditionals="1" coveredconditionals="1" methods="3" coveredmethods="3"/>
      <line num="1" count="1" type="stmt"/>
      <line num="2" count="1" type="stmt"/>
      <line num="5" count="1" type="stmt"/>
      <line num="6" count="1" type="stmt"/>
      <line num="10" count="1" type="cond" truecount="1" falsecount="0"/>
      <line num="11" count="3" type="stmt"/>
    </file>
    <file name="resistor-color-duo.ts" path="/Users/olaish/Documents/Microverse/demo/class/typescript/resistor-color-duo.ts">
      <metrics statements="4" coveredstatements="4" conditionals="0" coveredconditionals="0" methods="2" coveredmethods="2"/>
      <line num="2" count="5" type="stmt"/>
      <line num="15" count="10" type="stmt"/>
      <line num="16" count="5" type="stmt"/>
      <line num="19" count="1" type="stmt"/>
    </file>
  </project>
</coverage>
