{"/Users/olaish/Documents/Microverse/demo/class/typescript/hello-world.ts": {"path":"/Users/olaish/Documents/Microverse/demo/class/typescript/hello-world.ts","statementMap":{"0":{"start":{"line":2,"column":4},"end":{"line":2,"column":26}},"1":{"start":{"line":1,"column":0},"end":{"line":1,"column":16}},"2":{"start":{"line":6,"column":4},"end":{"line":6,"column":25}},"3":{"start":{"line":5,"column":0},"end":{"line":5,"column":16}},"4":{"start":{"line":11,"column":4},"end":{"line":11,"column":42}},"5":{"start":{"line":10,"column":0},"end":{"line":10,"column":16}}},"fnMap":{"0":{"name":"helloWorld","decl":{"start":{"line":1,"column":16},"end":{"line":1,"column":26}},"loc":{"start":{"line":1,"column":26},"end":{"line":3,"column":1}}},"1":{"name":"greetings","decl":{"start":{"line":5,"column":16},"end":{"line":5,"column":25}},"loc":{"start":{"line":5,"column":38},"end":{"line":7,"column":1}}},"2":{"name":"twoFer","decl":{"start":{"line":10,"column":16},"end":{"line":10,"column":22}},"loc":{"start":{"line":10,"column":43},"end":{"line":12,"column":1}}}},"branchMap":{"0":{"loc":{"start":{"line":10,"column":23},"end":{"line":10,"column":43}},"type":"default-arg","locations":[{"start":{"line":10,"column":38},"end":{"line":10,"column":43}}]}},"s":{"0":1,"1":1,"2":1,"3":1,"4":3,"5":1},"f":{"0":1,"1":1,"2":3},"b":{"0":[1]}}
,"/Users/olaish/Documents/Microverse/demo/class/typescript/resistor-color-duo.ts": {"path":"/Users/olaish/Documents/Microverse/demo/class/typescript/resistor-color-duo.ts","statementMap":{"0":{"start":{"line":2,"column":18},"end":{"line":13,"column":4}},"1":{"start":{"line":15,"column":23},"end":{"line":15,"column":81}},"2":{"start":{"line":15,"column":55},"end":{"line":15,"column":71}},"3":{"start":{"line":16,"column":2},"end":{"line":16,"column":22}},"4":{"start":{"line":19,"column":0},"end":{"line":19,"column":28}}},"fnMap":{"0":{"name":"decodedValue","decl":{"start":{"line":1,"column":9},"end":{"line":1,"column":21}},"loc":{"start":{"line":1,"column":38},"end":{"line":17,"column":1}}},"1":{"name":"(anonymous_1)","decl":{"start":{"line":15,"column":46},"end":{"line":15,"column":51}},"loc":{"start":{"line":15,"column":55},"end":{"line":15,"column":71}}}},"branchMap":{},"s":{"0":5,"1":5,"2":10,"3":5,"4":1},"f":{"0":5,"1":10},"b":{}}
}
